[debug] [2023-04-26T19:15:41.875Z] ----------------------------------------------------------------------
[debug] [2023-04-26T19:15:41.879Z] Command:       C:\Program Files\nodejs\node.exe C:\Users\Aaron\AppData\Roaming\npm\node_modules\firebase-tools\lib\bin\firebase.js init
[debug] [2023-04-26T19:15:41.880Z] CLI Version:   11.29.0
[debug] [2023-04-26T19:15:41.880Z] Platform:      win32
[debug] [2023-04-26T19:15:41.880Z] Node Version:  v18.16.0
[debug] [2023-04-26T19:15:41.881Z] Time:          Wed Apr 26 2023 21:15:41 GMT+0200 (Mitteleuropäische Sommerzeit)
[debug] [2023-04-26T19:15:41.881Z] ----------------------------------------------------------------------
[debug] 
[debug] [2023-04-26T19:15:41.891Z] > command requires scopes: ["email","openid","https://www.googleapis.com/auth/cloudplatformprojects.readonly","https://www.googleapis.com/auth/firebase","https://www.googleapis.com/auth/cloud-platform"]
[debug] [2023-04-26T19:15:41.892Z] > authorizing via signed-in user (aaronstuder8@gmail.com)
[info] 
     ######## #### ########  ######## ########     ###     ######  ########
     ##        ##  ##     ## ##       ##     ##  ##   ##  ##       ##
     ######    ##  ########  ######   ########  #########  ######  ######
     ##        ##  ##    ##  ##       ##     ## ##     ##       ## ##
     ##       #### ##     ## ######## ########  ##     ##  ######  ########

You're about to initialize a Firebase project in this directory:

  C:\Users\Aaron\Bachelor\Portfolio-Website\portfolio-aarons\portfolio-aaron

[info] 
=== Project Setup
[info] 
[info] First, let's associate this project directory with a Firebase project.
[info] You can create multiple project aliases by running firebase use --add, 
[info] but for now we'll just set up a default project.
[info] 
[debug] [2023-04-26T19:17:31.161Z] >>> [apiv2][query] GET https://firebase.googleapis.com/v1beta1/projects pageSize=100
[debug] [2023-04-26T19:17:31.645Z] <<< [apiv2][status] GET https://firebase.googleapis.com/v1beta1/projects 200
[debug] [2023-04-26T19:17:31.646Z] <<< [apiv2][body] GET https://firebase.googleapis.com/v1beta1/projects [omitted]
[info] i  Using project portfolio-website-6b1bc (portfolio-website) 
[info] 
=== Hosting Setup
[info] 
[info] Your public directory is the folder (relative to your project directory) that
[info] will contain Hosting assets to be uploaded with firebase deploy. If you
[info] have a build process for your assets, use your build's output directory.
[info] 
[debug] [2023-04-26T19:18:16.777Z] >>> [apiv2][query] GET https://www.gstatic.com/firebasejs/releases.json [none]
[debug] [2023-04-26T19:18:16.848Z] <<< [apiv2][status] GET https://www.gstatic.com/firebasejs/releases.json 200
[debug] [2023-04-26T19:18:16.849Z] <<< [apiv2][body] GET https://www.gstatic.com/firebasejs/releases.json {"current":{"version":"9.20.0","browserURL":"https://www.gstatic.com/firebasejs/9.20.0/firebase.js","packageURL":"https://www.gstatic.com/firebasejs/9.20.0/firebase.tgz"},"live":{"version":"9.20","browserURL":"https://www.gstatic.com/firebasejs/live/9.20/firebase.js","packageURL":"https://www.gstatic.com/firebasejs/live/9.20/firebase.tgz"},"components":{"analytics":"https://www.gstatic.com/firebasejs/9.20.0/firebase-analytics.js","app":"https://www.gstatic.com/firebasejs/9.20.0/firebase-app.js","app-check":"https://www.gstatic.com/firebasejs/9.20.0/firebase-app-check.js","auth":"https://www.gstatic.com/firebasejs/9.20.0/firebase-auth.js","auth/cordova":"https://www.gstatic.com/firebasejs/9.20.0/firebase-auth/cordova.js","auth/react-native":"https://www.gstatic.com/firebasejs/9.20.0/firebase-auth/react-native.js","functions":"https://www.gstatic.com/firebasejs/9.20.0/firebase-functions.js","firestore":"https://www.gstatic.com/firebasejs/9.20.0/firebase-firestore.js","firestore/lite":"https://www.gstatic.com/firebasejs/9.20.0/firebase-firestore/lite.js","installations":"https://www.gstatic.com/firebasejs/9.20.0/firebase-installations.js","storage":"https://www.gstatic.com/firebasejs/9.20.0/firebase-storage.js","performance":"https://www.gstatic.com/firebasejs/9.20.0/firebase-performance.js","remote-config":"https://www.gstatic.com/firebasejs/9.20.0/firebase-remote-config.js","messaging":"https://www.gstatic.com/firebasejs/9.20.0/firebase-messaging.js","messaging/sw":"https://www.gstatic.com/firebasejs/9.20.0/firebase-messaging/sw.js","database":"https://www.gstatic.com/firebasejs/9.20.0/firebase-database.js","firestore.memory":"https://www.gstatic.com/firebasejs/9.20.0/firebase-firestore.memory.js"}}
[info] +  Wrote (public)/index.html 
[info] 
[info] i  Didn't detect a .git folder. Assuming C:\Users\Aaron\Bachelor\Portfolio-Website\portfolio-aarons\portfolio-aaron is the project root. 
[info] i  Authorizing with GitHub to upload your service account to a GitHub repository's secrets store. 
[info] 
[info] Visit this URL on this device to log in:
[info] https://github.com/login/oauth/authorize?client_id=89cf50f02ac6aaed3484&state=931362939&redirect_uri=http%3A%2F%2Flocalhost%3A9005&scope=read%3Auser%20repo%20public_repo
[info] 
[info] Waiting for authentication...
[debug] [2023-04-26T19:18:23.351Z] >>> [apiv2][query] POST https://github.com/login/oauth/access_token [none]
[debug] [2023-04-26T19:18:23.352Z] >>> [apiv2][body] POST https://github.com/login/oauth/access_token [stream]
[debug] [2023-04-26T19:18:23.624Z] <<< [apiv2][status] POST https://github.com/login/oauth/access_token 200
[debug] [2023-04-26T19:18:23.624Z] <<< [apiv2][body] POST https://github.com/login/oauth/access_token {"access_token":"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","token_type":"bearer","scope":"read:user,repo"}
[debug] [2023-04-26T19:18:23.631Z] >>> [apiv2][query] GET https://api.github.com/user [none]
[debug] [2023-04-26T19:18:23.897Z] <<< [apiv2][status] GET https://api.github.com/user 200
[debug] [2023-04-26T19:18:23.897Z] <<< [apiv2][body] GET https://api.github.com/user {"login":"IAaron4","id":115536893,"node_id":"U_kgDOBuLz_Q","avatar_url":"https://avatars.githubusercontent.com/u/115536893?v=4","gravatar_id":"","url":"https://api.github.com/users/IAaron4","html_url":"https://github.com/IAaron4","followers_url":"https://api.github.com/users/IAaron4/followers","following_url":"https://api.github.com/users/IAaron4/following{/other_user}","gists_url":"https://api.github.com/users/IAaron4/gists{/gist_id}","starred_url":"https://api.github.com/users/IAaron4/starred{/owner}{/repo}","subscriptions_url":"https://api.github.com/users/IAaron4/subscriptions","organizations_url":"https://api.github.com/users/IAaron4/orgs","repos_url":"https://api.github.com/users/IAaron4/repos","events_url":"https://api.github.com/users/IAaron4/events{/privacy}","received_events_url":"https://api.github.com/users/IAaron4/received_events","type":"User","site_admin":false,"name":null,"company":null,"blog":"","location":null,"email":null,"hireable":null,"bio":null,"twitter_username":null,"public_repos":1,"public_gists":0,"followers":0,"following":0,"created_at":"2022-10-11T08:29:45Z","updated_at":"2023-03-29T19:23:25Z","private_gists":0,"total_private_repos":0,"owned_private_repos":0,"disk_usage":27991,"collaborators":0,"two_factor_authentication":false,"plan":{"name":"free","space":976562499,"collaborators":0,"private_repos":10000}}
[info] 
[info] +  Success! Logged into GitHub as IAaron4 
[info] 
[debug] [2023-04-26T19:24:01.246Z] >>> [apiv2][query] GET https://api.github.com/repos/IAaron4/portfolio-aaron/actions/secrets/public-key type=owner
[debug] [2023-04-26T19:24:01.405Z] <<< [apiv2][status] GET https://api.github.com/repos/IAaron4/portfolio-aaron/actions/secrets/public-key 401
[debug] [2023-04-26T19:24:01.405Z] <<< [apiv2][body] GET https://api.github.com/repos/IAaron4/portfolio-aaron/actions/secrets/public-key {"message":"Bad credentials","documentation_url":"https://docs.github.com/rest"}
[debug] [2023-04-26T19:24:21.727Z] >>> [apiv2][query] GET https://api.github.com/repos/IAaron4/portfolio-aaron/actions/secrets/public-key type=owner
[debug] [2023-04-26T19:24:21.885Z] <<< [apiv2][status] GET https://api.github.com/repos/IAaron4/portfolio-aaron/actions/secrets/public-key 401
[debug] [2023-04-26T19:24:21.886Z] <<< [apiv2][body] GET https://api.github.com/repos/IAaron4/portfolio-aaron/actions/secrets/public-key {"message":"Bad credentials","documentation_url":"https://docs.github.com/rest"}
[debug] [2023-04-26T19:24:25.618Z] >>> [apiv2][query] GET https://api.github.com/repos/IAaron4/portfolio-aaron/actions/secrets/public-key type=owner
[debug] [2023-04-26T19:24:25.773Z] <<< [apiv2][status] GET https://api.github.com/repos/IAaron4/portfolio-aaron/actions/secrets/public-key 401
[debug] [2023-04-26T19:24:25.773Z] <<< [apiv2][body] GET https://api.github.com/repos/IAaron4/portfolio-aaron/actions/secrets/public-key {"message":"Bad credentials","documentation_url":"https://docs.github.com/rest"}
[debug] [2023-04-26T19:27:13.241Z] >>> [apiv2][query] GET https://api.github.com/repos/IAaron4/portfolio-aaron/actions/secrets/public-key type=owner
[debug] [2023-04-26T19:27:13.391Z] <<< [apiv2][status] GET https://api.github.com/repos/IAaron4/portfolio-aaron/actions/secrets/public-key 401
[debug] [2023-04-26T19:27:13.392Z] <<< [apiv2][body] GET https://api.github.com/repos/IAaron4/portfolio-aaron/actions/secrets/public-key {"message":"Bad credentials","documentation_url":"https://docs.github.com/rest"}
[debug] [2023-04-26T19:27:15.179Z] >>> [apiv2][query] GET https://api.github.com/repos//actions/secrets/public-key type=owner
[debug] [2023-04-26T19:27:15.348Z] <<< [apiv2][status] GET https://api.github.com/repos//actions/secrets/public-key 401
[debug] [2023-04-26T19:27:15.348Z] <<< [apiv2][body] GET https://api.github.com/repos//actions/secrets/public-key {"message":"Bad credentials","documentation_url":"https://docs.github.com/rest"}
